  main.cpp
c:\users\이건희\source\repos\robotarm\robotarm\mytarget.h(30): warning C4305: '=': 'double'에서 'float'(으)로 잘립니다.
c:\users\이건희\source\repos\robotarm\robotarm\mytarget.h(31): warning C4305: '인수': 'double'에서 'GLfloat'(으)로 잘립니다.
c:\users\이건희\source\repos\robotarm\robotarm\mytarget.h(41): warning C4244: '=': 'double'에서 'float'(으)로 변환하면서 데이터가 손실될 수 있습니다.
c:\users\이건희\source\repos\robotarm\robotarm\mytarget.h(48): warning C4244: '=': 'double'에서 'float'(으)로 변환하면서 데이터가 손실될 수 있습니다.
c:\users\이건희\source\repos\robotarm\robotarm\mytarget.h(63): warning C4305: '인수': 'double'에서 'const GLfloat'(으)로 잘립니다.
c:\users\이건희\source\repos\robotarm\robotarm\main.cpp(54): warning C4305: '인수': 'double'에서 'const GLfloat'(으)로 잘립니다.
c:\users\이건희\source\repos\robotarm\robotarm\main.cpp(55): warning C4305: '인수': 'double'에서 'const GLfloat'(으)로 잘립니다.
c:\users\이건희\source\repos\robotarm\robotarm\main.cpp(62): warning C4305: '인수': 'double'에서 'const GLfloat'(으)로 잘립니다.
c:\users\이건희\source\repos\robotarm\robotarm\main.cpp(66): warning C4305: '인수': 'double'에서 'const GLfloat'(으)로 잘립니다.
c:\users\이건희\source\repos\robotarm\robotarm\main.cpp(67): warning C4305: '인수': 'double'에서 'const GLfloat'(으)로 잘립니다.
c:\users\이건희\source\repos\robotarm\robotarm\main.cpp(72): warning C4305: '인수': 'double'에서 'const GLfloat'(으)로 잘립니다.
c:\users\이건희\source\repos\robotarm\robotarm\main.cpp(73): warning C4305: '인수': 'double'에서 'const GLfloat'(으)로 잘립니다.
c:\users\이건희\source\repos\robotarm\robotarm\main.cpp(81): warning C4305: '인수': 'double'에서 'const GLfloat'(으)로 잘립니다.
c:\users\이건희\source\repos\robotarm\robotarm\main.cpp(82): warning C4305: '인수': 'double'에서 'const GLfloat'(으)로 잘립니다.
c:\users\이건희\source\repos\robotarm\robotarm\main.cpp(87): warning C4305: '인수': 'double'에서 'const GLfloat'(으)로 잘립니다.
c:\users\이건희\source\repos\robotarm\robotarm\main.cpp(88): warning C4305: '인수': 'double'에서 'const GLfloat'(으)로 잘립니다.
c:\users\이건희\source\repos\robotarm\robotarm\main.cpp(95): warning C4305: '인수': 'double'에서 'const GLfloat'(으)로 잘립니다.
c:\users\이건희\source\repos\robotarm\robotarm\main.cpp(96): warning C4305: '인수': 'double'에서 'const GLfloat'(으)로 잘립니다.
c:\users\이건희\source\repos\robotarm\robotarm\main.cpp(101): warning C4305: '인수': 'double'에서 'const GLfloat'(으)로 잘립니다.
c:\users\이건희\source\repos\robotarm\robotarm\main.cpp(102): warning C4305: '인수': 'double'에서 'const GLfloat'(으)로 잘립니다.
c:\users\이건희\source\repos\robotarm\robotarm\main.cpp(107): warning C4305: '인수': 'double'에서 'const GLfloat'(으)로 잘립니다.
c:\users\이건희\source\repos\robotarm\robotarm\main.cpp(108): warning C4305: '인수': 'double'에서 'const GLfloat'(으)로 잘립니다.
c:\users\이건희\source\repos\robotarm\robotarm\main.cpp(115): warning C4305: '인수': 'double'에서 'const GLfloat'(으)로 잘립니다.
c:\users\이건희\source\repos\robotarm\robotarm\main.cpp(116): warning C4305: '인수': 'double'에서 'const GLfloat'(으)로 잘립니다.
c:\users\이건희\source\repos\robotarm\robotarm\main.cpp(121): warning C4305: '인수': 'double'에서 'const GLfloat'(으)로 잘립니다.
c:\users\이건희\source\repos\robotarm\robotarm\main.cpp(122): warning C4305: '인수': 'double'에서 'const GLfloat'(으)로 잘립니다.
c:\users\이건희\source\repos\robotarm\robotarm\main.cpp(127): warning C4305: '인수': 'double'에서 'const GLfloat'(으)로 잘립니다.
c:\users\이건희\source\repos\robotarm\robotarm\main.cpp(128): warning C4305: '인수': 'double'에서 'const GLfloat'(으)로 잘립니다.
c:\users\이건희\source\repos\robotarm\robotarm\main.cpp(133): warning C4305: '인수': 'double'에서 'const GLfloat'(으)로 잘립니다.
c:\users\이건희\source\repos\robotarm\robotarm\main.cpp(134): warning C4305: '인수': 'double'에서 'const GLfloat'(으)로 잘립니다.
c:\users\이건희\source\repos\robotarm\robotarm\main.cpp(144): warning C4305: '인수': 'double'에서 'const GLfloat'(으)로 잘립니다.
c:\users\이건희\source\repos\robotarm\robotarm\main.cpp(144): warning C4305: '인수': 'double'에서 'GLfloat'(으)로 잘립니다.
c:\users\이건희\source\repos\robotarm\robotarm\main.cpp(147): warning C4305: '인수': 'double'에서 'const GLfloat'(으)로 잘립니다.
c:\users\이건희\source\repos\robotarm\robotarm\main.cpp(148): warning C4305: '인수': 'double'에서 'const GLfloat'(으)로 잘립니다.
c:\users\이건희\source\repos\robotarm\robotarm\main.cpp(149): warning C4305: '인수': 'double'에서 'GLfloat'(으)로 잘립니다.
c:\users\이건희\source\repos\robotarm\robotarm\main.cpp(150): warning C4305: '인수': 'double'에서 'GLfloat'(으)로 잘립니다.
c:\users\이건희\source\repos\robotarm\robotarm\main.cpp(157): warning C4305: '인수': 'double'에서 'const GLfloat'(으)로 잘립니다.
c:\users\이건희\source\repos\robotarm\robotarm\main.cpp(158): warning C4305: '인수': 'double'에서 'const GLfloat'(으)로 잘립니다.
c:\users\이건희\source\repos\robotarm\robotarm\main.cpp(159): warning C4305: '인수': 'double'에서 'GLfloat'(으)로 잘립니다.
c:\users\이건희\source\repos\robotarm\robotarm\main.cpp(160): warning C4305: '인수': 'double'에서 'GLfloat'(으)로 잘립니다.
c:\users\이건희\source\repos\robotarm\robotarm\main.cpp(167): warning C4305: '인수': 'double'에서 'const GLfloat'(으)로 잘립니다.
c:\users\이건희\source\repos\robotarm\robotarm\main.cpp(168): warning C4305: '인수': 'double'에서 'const GLfloat'(으)로 잘립니다.
c:\users\이건희\source\repos\robotarm\robotarm\main.cpp(169): warning C4305: '인수': 'double'에서 'GLfloat'(으)로 잘립니다.
c:\users\이건희\source\repos\robotarm\robotarm\main.cpp(170): warning C4305: '인수': 'double'에서 'GLfloat'(으)로 잘립니다.
c:\users\이건희\source\repos\robotarm\robotarm\main.cpp(188): warning C4305: '인수': 'double'에서 'const GLfloat'(으)로 잘립니다.
c:\users\이건희\source\repos\robotarm\robotarm\main.cpp(194): warning C4305: '인수': 'double'에서 'const GLfloat'(으)로 잘립니다.
c:\users\이건희\source\repos\robotarm\robotarm\main.cpp(206): warning C4244: '인수': 'float'에서 'DWORD'(으)로 변환하면서 데이터가 손실될 수 있습니다.
c:\users\이건희\source\repos\robotarm\robotarm\main.cpp(210): warning C4244: '=': 'double'에서 'float'(으)로 변환하면서 데이터가 손실될 수 있습니다.
c:\users\이건희\source\repos\robotarm\robotarm\main.cpp(211): warning C4244: '=': 'double'에서 'float'(으)로 변환하면서 데이터가 손실될 수 있습니다.
c:\users\이건희\source\repos\robotarm\robotarm\main.cpp(212): warning C4244: '=': 'double'에서 'float'(으)로 변환하면서 데이터가 손실될 수 있습니다.
  RobotArm.vcxproj -> C:\Users\이건희\source\repos\RobotArm\Debug\RobotArm.exe
